\BOOKMARK [1][-]{section.1}{Definitions}{}% 1
\BOOKMARK [1][-]{section.2}{Research Question}{}% 2
\BOOKMARK [1][-]{section.3}{Introduction}{}% 3
\BOOKMARK [1][-]{section.4}{Purpose}{}% 4
\BOOKMARK [1][-]{section.5}{Hypothesis}{}% 5
\BOOKMARK [2][-]{subsection.5.1}{Justification}{section.5}% 6
\BOOKMARK [1][-]{section.6}{Variables}{}% 7
\BOOKMARK [2][-]{subsection.6.1}{Independent}{section.6}% 8
\BOOKMARK [2][-]{subsection.6.2}{Dependent}{section.6}% 9
\BOOKMARK [2][-]{subsection.6.3}{Standardized}{section.6}% 10
\BOOKMARK [3][-]{subsubsection.6.3.1}{Height of Rotocopter starting point}{subsection.6.3}% 11
\BOOKMARK [3][-]{subsubsection.6.3.2}{Material choice and dimensions of Rotocopter}{subsection.6.3}% 12
\BOOKMARK [3][-]{subsubsection.6.3.3}{Prescence of air drafts}{subsection.6.3}% 13
\BOOKMARK [3][-]{subsubsection.6.3.4}{Proximity to wall}{subsection.6.3}% 14
\BOOKMARK [2][-]{subsection.6.4}{Control Group}{section.6}% 15
\BOOKMARK [1][-]{section.7}{Materials}{}% 16
\BOOKMARK [1][-]{section.8}{Procedure}{}% 17
\BOOKMARK [2][-]{subsection.8.1}{Experimentation}{section.8}% 18
\BOOKMARK [2][-]{subsection.8.2}{Organizing Data}{section.8}% 19
\BOOKMARK [2][-]{subsection.8.3}{Procedural Figures}{section.8}% 20
\BOOKMARK [1][-]{section.9}{Data}{}% 21
\BOOKMARK [2][-]{subsection.9.1}{Uncertainties}{section.9}% 22
\BOOKMARK [1][-]{section.10}{Discussion}{}% 23
\BOOKMARK [2][-]{subsection.10.1}{Results and Analysis}{section.10}% 24
\BOOKMARK [3][-]{subsubsection.10.1.1}{Fitting the model and initial comparison with hypothesis}{subsection.10.1}% 25
\BOOKMARK [3][-]{subsubsection.10.1.2}{Qualities of Polynomial Curve}{subsection.10.1}% 26
\BOOKMARK [3][-]{subsubsection.10.1.3}{Qualitative Data and Observations}{subsection.10.1}% 27
\BOOKMARK [2][-]{subsection.10.2}{Possible Errors}{section.10}% 28
\BOOKMARK [3][-]{subsubsection.10.2.1}{Systematic}{subsection.10.2}% 29
\BOOKMARK [3][-]{subsubsection.10.2.2}{Random}{subsection.10.2}% 30
\BOOKMARK [2][-]{subsection.10.3}{Improvements}{section.10}% 31
\BOOKMARK [1][-]{section.11}{Conclusion}{}% 32
\BOOKMARK [1][-]{section.12}{Works Cited}{}% 33
