This is pdfTeX, Version 3.14159265-2.6-1.40.20 (TeX Live 2019) (preloaded format=pdflatex 2019.5.8)  20 FEB 2020 10:36
entering extended mode
 restricted \write18 enabled.
 file:line:error style messages enabled.
 %&-line parsing enabled.
**"/Users/rishikothari/Documents/School/Term 2/SNC-1D8/Intro/Assignments/Rotocopter Lab/sections/s1.tex"
(/Users/rishikothari/Documents/School/Term 2/SNC-1D8/Intro/Assignments/Rotocopter Lab/sections/s1.tex
LaTeX2e <2018-12-01>
(/usr/local/texlive/2019/texmf-dist/tex/latex/subfiles/subfiles.cls
Document Class: subfiles 2018/07/31 Federico Garcia, Gernot Salzer
Preamble taken from file `../../main.tex'

! LaTeX Error: File `../../main.tex' not found.

Type X to quit or <RETURN> to proceed,
or enter new name. (Default extension: tex)

Enter file name: 
/usr/local/texlive/2019/texmf-dist/tex/latex/subfiles/subfiles.cls:35: Emergency stop.
<read *> 
         
l.35 \input{\preamble@file}
                           ^^M
*** (cannot \read from terminal in nonstop modes)

 
Here is how much of TeX's memory you used:
 19 strings out of 492616
 796 string characters out of 6129482
 57508 words of memory out of 5000000
 4031 multiletter control sequences out of 15000+600000
 3640 words of font info for 14 fonts, out of 8000000 for 9000
 1141 hyphenation exceptions out of 8191
 17i,0n,18p,206b,8s stack positions out of 5000i,500n,10000p,200000b,80000s
/usr/local/texlive/2019/texmf-dist/tex/latex/subfiles/subfiles.cls:35:  ==> Fatal error occurred, no output PDF file produced!
